<?xml version="1.0" encoding="UTF-8"?><TestSessionContainer xmlns="http://www.codecover.org/xml/testsession-container" Date="1573298860655" TestSessionContainerId="b49b4ef4-25f0-4732-b587-fef67d450801" version="1.0">
<SrcFileList>
<SrcFile Content="package com.lrh.text;&#13;&#10;import org.apache.commons.math3.stat.descriptive.rank.Max;&#13;&#10;import org.apache.commons.math3.stat.descriptive.rank.Min; &#13;&#10;import org.apache.commons.math3.stat.descriptive.moment.Mean; &#13;&#10;&#13;&#10;public class App &#13;&#10;{&#13;&#10;&#13;&#10;&#9;public static void main( String[] args )&#13;&#10;    {&#13;&#10;    &#9;App myTest= new App();&#13;&#10;    &#9;myTest.GetResult();&#13;&#10;    }&#13;&#10;&#13;&#10;    public void GetResult() {&#13;&#10;    &#9;double[] a={1,2,3,4,5,6,7,8,9,10};&#13;&#10;    &#9;Max max=new Max();&#13;&#10;    &#9;Min min=new Min();&#13;&#10;        double ma=max.evaluate(a);&#13;&#10;        double mi=min.evaluate(a);&#13;&#10;        Mean mean = new Mean();&#13;&#10;        double me=mean.evaluate(a);&#13;&#10;        int j=0;&#13;&#10;        while(j&lt;10)&#13;&#10;        {&#13;&#10;        if(a[j]&lt;me)&#13;&#10;        {&#13;&#10;        &#9;a[j]+=ma;&#13;&#10;        }&#13;&#10;        else if(a[j]&gt;me)&#13;&#10;        {&#13;&#10;        &#9;a[j]-=mi;&#13;&#10;        }&#13;&#10;        j++;&#13;&#10;        }&#13;&#10;        for(double i:a)&#13;&#10;        System.out.println(i);&#13;&#10;&#9;}&#13;&#10;}&#13;&#10;" Filename="App.java" Intrnl_Id="1"/>
</SrcFileList>
<CritList>
<CritListEntry Name="org.codecover.model.utils.criteria.LoopCoverage" PluginName="org.codecover"/>
<CritListEntry Name="org.codecover.model.utils.criteria.QMOCoverage" PluginName="org.codecover"/>
<CritListEntry Name="org.codecover.model.utils.criteria.ConditionCoverage" PluginName="org.codecover"/>
<CritListEntry Name="org.codecover.model.utils.criteria.BranchCoverage" PluginName="org.codecover"/>
<CritListEntry Name="org.codecover.model.utils.criteria.SynchronizedStatementCoverage" PluginName="org.codecover"/>
<CritListEntry Name="org.codecover.model.utils.criteria.StatementCoverage" PluginName="org.codecover"/>
</CritList>
<BoolOpList/>
<HierarchyLvlTypeList>
<HierarchyLvlType EnglishName="package" IntrnlName="package" Intrnl_Id="2"/>
<HierarchyLvlType EnglishName="method" IntrnlName="method" Intrnl_Id="3"/>
<HierarchyLvlType EnglishName="class" IntrnlName="class" Intrnl_Id="4"/>
<HierarchyLvlType EnglishName="default package" IntrnlName="default package" Intrnl_Id="5"/>
</HierarchyLvlTypeList>
<MASTRoot>
<HierarchyLvl HierarchyLvlId="30" HierarchyLvlTypeId="5" Intrnl_Id="6" Name="default package">
<Header/>
<LocList/>
<HierarchyLvl HierarchyLvlId="29" HierarchyLvlTypeId="2" Intrnl_Id="7" Name="com">
<Header/>
<LocList/>
<HierarchyLvl HierarchyLvlId="28" HierarchyLvlTypeId="2" Intrnl_Id="8" Name="lrh">
<Header/>
<LocList/>
<HierarchyLvl HierarchyLvlId="27" HierarchyLvlTypeId="2" Intrnl_Id="9" Name="text">
<Header/>
<LocList/>
<HierarchyLvl HierarchyLvlId="26" HierarchyLvlTypeId="4" Intrnl_Id="10" Name="App">
<Header>
<Loc EndOffset="226" SrcFileId="1" StartOffset="210"/>
</Header>
<LocList>
<Loc EndOffset="880" SrcFileId="1" StartOffset="210"/>
</LocList>
<HierarchyLvl HierarchyLvlId="24" HierarchyLvlTypeId="3" Intrnl_Id="11" Name="main">
<Header>
<Loc EndOffset="275" SrcFileId="1" StartOffset="235"/>
</Header>
<LocList>
<Loc EndOffset="344" SrcFileId="1" StartOffset="235"/>
</LocList>
<StmntSeq Intrnl_Id="12">
<LocList>
<Loc EndOffset="311" SrcFileId="1" StartOffset="289"/>
<Loc EndOffset="337" SrcFileId="1" StartOffset="318"/>
</LocList>
<BasicStmnt CovItemId="S1" CovItemPrefix="com.lrh.text.App.java" Intrnl_Id="13">
<LocList>
<Loc EndOffset="311" SrcFileId="1" StartOffset="289"/>
</LocList>
</BasicStmnt>
<BasicStmnt CovItemId="S2" CovItemPrefix="com.lrh.text.App.java" Intrnl_Id="14">
<LocList>
<Loc EndOffset="337" SrcFileId="1" StartOffset="318"/>
</LocList>
</BasicStmnt>
</StmntSeq>
</HierarchyLvl>
<HierarchyLvl HierarchyLvlId="25" HierarchyLvlTypeId="3" Intrnl_Id="15" Name="GetResult">
<Header>
<Loc EndOffset="375" SrcFileId="1" StartOffset="352"/>
</Header>
<LocList>
<Loc EndOffset="877" SrcFileId="1" StartOffset="352"/>
</LocList>
<StmntSeq Intrnl_Id="16">
<LocList>
<Loc EndOffset="418" SrcFileId="1" StartOffset="384"/>
<Loc EndOffset="443" SrcFileId="1" StartOffset="425"/>
<Loc EndOffset="468" SrcFileId="1" StartOffset="450"/>
<Loc EndOffset="504" SrcFileId="1" StartOffset="478"/>
<Loc EndOffset="540" SrcFileId="1" StartOffset="514"/>
<Loc EndOffset="573" SrcFileId="1" StartOffset="550"/>
<Loc EndOffset="610" SrcFileId="1" StartOffset="583"/>
<Loc EndOffset="628" SrcFileId="1" StartOffset="620"/>
<Loc EndOffset="816" SrcFileId="1" StartOffset="638"/>
<Loc EndOffset="873" SrcFileId="1" StartOffset="826"/>
</LocList>
<BasicStmnt CovItemId="S3" CovItemPrefix="com.lrh.text.App.java" Intrnl_Id="17">
<LocList>
<Loc EndOffset="418" SrcFileId="1" StartOffset="384"/>
</LocList>
</BasicStmnt>
<BasicStmnt CovItemId="S4" CovItemPrefix="com.lrh.text.App.java" Intrnl_Id="18">
<LocList>
<Loc EndOffset="443" SrcFileId="1" StartOffset="425"/>
</LocList>
</BasicStmnt>
<BasicStmnt CovItemId="S5" CovItemPrefix="com.lrh.text.App.java" Intrnl_Id="19">
<LocList>
<Loc EndOffset="468" SrcFileId="1" StartOffset="450"/>
</LocList>
</BasicStmnt>
<BasicStmnt CovItemId="S6" CovItemPrefix="com.lrh.text.App.java" Intrnl_Id="20">
<LocList>
<Loc EndOffset="504" SrcFileId="1" StartOffset="478"/>
</LocList>
</BasicStmnt>
<BasicStmnt CovItemId="S7" CovItemPrefix="com.lrh.text.App.java" Intrnl_Id="21">
<LocList>
<Loc EndOffset="540" SrcFileId="1" StartOffset="514"/>
</LocList>
</BasicStmnt>
<BasicStmnt CovItemId="S8" CovItemPrefix="com.lrh.text.App.java" Intrnl_Id="22">
<LocList>
<Loc EndOffset="573" SrcFileId="1" StartOffset="550"/>
</LocList>
</BasicStmnt>
<BasicStmnt CovItemId="S9" CovItemPrefix="com.lrh.text.App.java" Intrnl_Id="23">
<LocList>
<Loc EndOffset="610" SrcFileId="1" StartOffset="583"/>
</LocList>
</BasicStmnt>
<BasicStmnt CovItemId="S10" CovItemPrefix="com.lrh.text.App.java" Intrnl_Id="24">
<LocList>
<Loc EndOffset="628" SrcFileId="1" StartOffset="620"/>
</LocList>
</BasicStmnt>
<LoopStmnt CovItemId="S11" CovItemPrefix="com.lrh.text.App.java" Intrnl_Id="25" MltplExecId="L1-2" MltplExecPrefix="com.lrh.text.App.java" NvrExecId="L1-0" NvrExecPrefix="com.lrh.text.App.java" OnceExecutedId="L1-1" OnceExecutedPrefix="com.lrh.text.App.java" OptBodyExec="true">
<StmntSeq Intrnl_Id="26">
<LocList>
<Loc EndOffset="791" SrcFileId="1" StartOffset="670"/>
<Loc EndOffset="805" SrcFileId="1" StartOffset="801"/>
</LocList>
<CondStmnt CovItemId="S12" CovItemPrefix="com.lrh.text.App.java" Intrnl_Id="27">
<Branch CovItemId="B1" CovItemPrefix="com.lrh.text.App.java" Implct="false" Intrnl_Id="28">
<Cond/>
<LocList>
<Loc EndOffset="723" SrcFileId="1" StartOffset="691"/>
</LocList>
<StmntSeq Intrnl_Id="29">
<LocList>
<Loc EndOffset="712" SrcFileId="1" StartOffset="703"/>
</LocList>
<BasicStmnt CovItemId="S13" CovItemPrefix="com.lrh.text.App.java" Intrnl_Id="30">
<LocList>
<Loc EndOffset="712" SrcFileId="1" StartOffset="703"/>
</LocList>
</BasicStmnt>
</StmntSeq>
</Branch>
<Branch CovItemId="B2" CovItemPrefix="com.lrh.text.App.java" Implct="false" Intrnl_Id="31">
<Cond>
<Loc EndOffset="737" SrcFileId="1" StartOffset="733"/>
</Cond>
<LocList>
<Loc EndOffset="791" SrcFileId="1" StartOffset="738"/>
</LocList>
<StmntSeq Intrnl_Id="32">
<LocList>
<Loc EndOffset="791" SrcFileId="1" StartOffset="738"/>
</LocList>
<CondStmnt CovItemId="S14" CovItemPrefix="com.lrh.text.App.java" Intrnl_Id="33">
<Branch CovItemId="B3" CovItemPrefix="com.lrh.text.App.java" Implct="false" Intrnl_Id="34">
<Cond/>
<LocList>
<Loc EndOffset="791" SrcFileId="1" StartOffset="759"/>
</LocList>
<StmntSeq Intrnl_Id="35">
<LocList>
<Loc EndOffset="780" SrcFileId="1" StartOffset="771"/>
</LocList>
<BasicStmnt CovItemId="S15" CovItemPrefix="com.lrh.text.App.java" Intrnl_Id="36">
<LocList>
<Loc EndOffset="780" SrcFileId="1" StartOffset="771"/>
</LocList>
</BasicStmnt>
</StmntSeq>
</Branch>
<Branch CovItemId="B4" CovItemPrefix="com.lrh.text.App.java" Implct="true" Intrnl_Id="37">
<Cond/>
<LocList/>
<StmntSeq Intrnl_Id="38">
<LocList/>
</StmntSeq>
</Branch>
<Keyword EndOffset="740" SrcFileId="1" StartOffset="738"/>
<LocList>
<Loc EndOffset="791" SrcFileId="1" StartOffset="738"/>
</LocList>
<RootTerm CovItemId="C3" CovItemPrefix="com.lrh.text.App.java" Intrnl_Id="39">
<BasicBoolTerm Intrnl_Id="40">
<LocList>
<Loc EndOffset="748" SrcFileId="1" StartOffset="741"/>
</LocList>
</BasicBoolTerm>
</RootTerm>
</CondStmnt>
</StmntSeq>
</Branch>
<Keyword EndOffset="672" SrcFileId="1" StartOffset="670"/>
<LocList>
<Loc EndOffset="791" SrcFileId="1" StartOffset="670"/>
</LocList>
<RootTerm CovItemId="C2" CovItemPrefix="com.lrh.text.App.java" Intrnl_Id="41">
<BasicBoolTerm Intrnl_Id="42">
<LocList>
<Loc EndOffset="680" SrcFileId="1" StartOffset="673"/>
</LocList>
</BasicBoolTerm>
</RootTerm>
</CondStmnt>
<BasicStmnt CovItemId="S16" CovItemPrefix="com.lrh.text.App.java" Intrnl_Id="43">
<LocList>
<Loc EndOffset="805" SrcFileId="1" StartOffset="801"/>
</LocList>
</BasicStmnt>
</StmntSeq>
<Keyword EndOffset="643" SrcFileId="1" StartOffset="638"/>
<LocList>
<Loc EndOffset="816" SrcFileId="1" StartOffset="638"/>
</LocList>
<RootTerm CovItemId="C1" CovItemPrefix="com.lrh.text.App.java" Intrnl_Id="44">
<BasicBoolTerm Intrnl_Id="45">
<LocList>
<Loc EndOffset="648" SrcFileId="1" StartOffset="644"/>
</LocList>
</BasicBoolTerm>
</RootTerm>
</LoopStmnt>
<LoopStmnt CovItemId="S17" CovItemPrefix="com.lrh.text.App.java" Intrnl_Id="46" MltplExecId="L2-2" MltplExecPrefix="com.lrh.text.App.java" NvrExecId="L2-0" NvrExecPrefix="com.lrh.text.App.java" OnceExecutedId="L2-1" OnceExecutedPrefix="com.lrh.text.App.java" OptBodyExec="true">
<StmntSeq Intrnl_Id="47">
<LocList>
<Loc EndOffset="873" SrcFileId="1" StartOffset="851"/>
</LocList>
<BasicStmnt CovItemId="S18" CovItemPrefix="com.lrh.text.App.java" Intrnl_Id="48">
<LocList>
<Loc EndOffset="873" SrcFileId="1" StartOffset="851"/>
</LocList>
</BasicStmnt>
</StmntSeq>
<Keyword EndOffset="829" SrcFileId="1" StartOffset="826"/>
<LocList>
<Loc EndOffset="873" SrcFileId="1" StartOffset="826"/>
</LocList>
</LoopStmnt>
</StmntSeq>
</HierarchyLvl>
</HierarchyLvl>
</HierarchyLvl>
</HierarchyLvl>
</HierarchyLvl>
</HierarchyLvl>
</MASTRoot>
</TestSessionContainer>
